# JRE version: Java(TM) SE Runtime Environment (8.0_221-b11) (build 1.8.0_221-b11)
# Java VM: Java HotSpot(TM) 64-Bit Server VM (25.221-b11 mixed mode windows-amd64 compressed oops)
Heap:
 PSYoungGen      total 397824K, used 100637K [0x00000000d6500000, 0x00000000f2e80000, 0x0000000100000000)
  eden space 380416K, 26% used [0x00000000d6500000,0x00000000dc747558,0x00000000ed880000)
  from space 17408K, 0% used [0x00000000ed880000,0x00000000ed880000,0x00000000ee980000)
  to   space 16896K, 0% used [0x00000000f1e00000,0x00000000f1e00000,0x00000000f2e80000)
 ParOldGen       total 137216K, used 27708K [0x0000000082e00000, 0x000000008b400000, 0x00000000d6500000)
  object space 137216K, 20% used [0x0000000082e00000,0x000000008490f140,0x000000008b400000)
 Metaspace       used 58248K, capacity 61827K, committed 62040K, reserved 1101824K
  class space    used 8104K, capacity 8719K, committed 8832K, reserved 1048576K
GC Heap History (10 events):
Event: 4.096 GC heap before
{Heap before GC invocations=12 (full 1):
 PSYoungGen      total 302080K, used 247090K [0x00000000d6500000, 0x00000000ec280000, 0x0000000100000000)
  eden space 292352K, 82% used [0x00000000d6500000,0x00000000e5022768,0x00000000e8280000)
  from space 9728K, 64% used [0x00000000e8c00000,0x00000000e922a368,0x00000000e9580000)
  to   space 9728K, 0% used [0x00000000e8280000,0x00000000e8280000,0x00000000e8c00000)
 ParOldGen       total 54784K, used 8580K [0x0000000082e00000, 0x0000000086380000, 0x00000000d6500000)
  object space 54784K, 15% used [0x0000000082e00000,0x00000000836611a0,0x0000000086380000)
 Metaspace       used 33323K, capacity 35353K, committed 35416K, reserved 1079296K
  class space    used 4347K, capacity 4736K, committed 4736K, reserved 1048576K
Event: 4.107 GC heap after
Heap after GC invocations=12 (full 1):
 PSYoungGen      total 302080K, used 9697K [0x00000000d6500000, 0x00000000efa80000, 0x0000000100000000)
  eden space 292352K, 0% used [0x00000000d6500000,0x00000000d6500000,0x00000000e8280000)
  from space 9728K, 99% used [0x00000000e8280000,0x00000000e8bf8650,0x00000000e8c00000)
  to   space 12800K, 0% used [0x00000000eee00000,0x00000000eee00000,0x00000000efa80000)
 ParOldGen       total 54784K, used 13554K [0x0000000082e00000, 0x0000000086380000, 0x00000000d6500000)
  object space 54784K, 24% used [0x0000000082e00000,0x0000000083b3ca08,0x0000000086380000)
 Metaspace       used 33323K, capacity 35353K, committed 35416K, reserved 1079296K
  class space    used 4347K, capacity 4736K, committed 4736K, reserved 1048576K
}
Event: 4.107 GC heap before
{Heap before GC invocations=13 (full 2):
 PSYoungGen      total 302080K, used 9697K [0x00000000d6500000, 0x00000000efa80000, 0x0000000100000000)
  eden space 292352K, 0% used [0x00000000d6500000,0x00000000d6500000,0x00000000e8280000)
  from space 9728K, 99% used [0x00000000e8280000,0x00000000e8bf8650,0x00000000e8c00000)
  to   space 12800K, 0% used [0x00000000eee00000,0x00000000eee00000,0x00000000efa80000)
 ParOldGen       total 54784K, used 13554K [0x0000000082e00000, 0x0000000086380000, 0x00000000d6500000)
  object space 54784K, 24% used [0x0000000082e00000,0x0000000083b3ca08,0x0000000086380000)
 Metaspace       used 33323K, capacity 35353K, committed 35416K, reserved 1079296K
  class space    used 4347K, capacity 4736K, committed 4736K, reserved 1048576K
Event: 4.191 GC heap after
Heap after GC invocations=13 (full 2):
 PSYoungGen      total 302080K, used 0K [0x00000000d6500000, 0x00000000efa80000, 0x0000000100000000)
  eden space 292352K, 0% used [0x00000000d6500000,0x00000000d6500000,0x00000000e8280000)
  from space 9728K, 0% used [0x00000000e8280000,0x00000000e8280000,0x00000000e8c00000)
  to   space 12800K, 0% used [0x00000000eee00000,0x00000000eee00000,0x00000000efa80000)
 ParOldGen       total 94720K, used 20344K [0x0000000082e00000, 0x0000000088a80000, 0x00000000d6500000)
  object space 94720K, 21% used [0x0000000082e00000,0x00000000841de078,0x0000000088a80000)
 Metaspace       used 33323K, capacity 35353K, committed 35416K, reserved 1079296K
  class space    used 4347K, capacity 4736K, committed 4736K, reserved 1048576K
}
Event: 5.361 GC heap before
{Heap before GC invocations=14 (full 2):
 PSYoungGen      total 302080K, used 292352K [0x00000000d6500000, 0x00000000efa80000, 0x0000000100000000)
  eden space 292352K, 100% used [0x00000000d6500000,0x00000000e8280000,0x00000000e8280000)
  from space 9728K, 0% used [0x00000000e8280000,0x00000000e8280000,0x00000000e8c00000)
  to   space 12800K, 0% used [0x00000000eee00000,0x00000000eee00000,0x00000000efa80000)
 ParOldGen       total 94720K, used 20344K [0x0000000082e00000, 0x0000000088a80000, 0x00000000d6500000)
  object space 94720K, 21% used [0x0000000082e00000,0x00000000841de078,0x0000000088a80000)
 Metaspace       used 48340K, capacity 50999K, committed 51160K, reserved 1093632K
  class space    used 6588K, capacity 7098K, committed 7168K, reserved 1048576K
Event: 5.375 GC heap after
Heap after GC invocations=14 (full 2):
 PSYoungGen      total 370176K, used 12791K [0x00000000d6500000, 0x00000000efa80000, 0x0000000100000000)
  eden space 357376K, 0% used [0x00000000d6500000,0x00000000d6500000,0x00000000ec200000)
  from space 12800K, 99% used [0x00000000eee00000,0x00000000efa7def8,0x00000000efa80000)
  to   space 17408K, 0% used [0x00000000ed880000,0x00000000ed880000,0x00000000ee980000)
 ParOldGen       total 94720K, used 26511K [0x0000000082e00000, 0x0000000088a80000, 0x00000000d6500000)
  object space 94720K, 27% used [0x0000000082e00000,0x00000000847e3c10,0x0000000088a80000)
 Metaspace       used 48340K, capacity 50999K, committed 51160K, reserved 1093632K
  class space    used 6588K, capacity 7098K, committed 7168K, reserved 1048576K
}
Event: 6.334 GC heap before
{Heap before GC invocations=15 (full 2):
 PSYoungGen      total 370176K, used 162613K [0x00000000d6500000, 0x00000000efa80000, 0x0000000100000000)
  eden space 357376K, 41% used [0x00000000d6500000,0x00000000df74f8a0,0x00000000ec200000)
  from space 12800K, 99% used [0x00000000eee00000,0x00000000efa7def8,0x00000000efa80000)
  to   space 17408K, 0% used [0x00000000ed880000,0x00000000ed880000,0x00000000ee980000)
 ParOldGen       total 94720K, used 26511K [0x0000000082e00000, 0x0000000088a80000, 0x00000000d6500000)
  object space 94720K, 27% used [0x0000000082e00000,0x00000000847e3c10,0x0000000088a80000)
 Metaspace       used 55745K, capacity 58979K, committed 59028K, reserved 1099776K
  class space    used 7714K, capacity 8318K, committed 8320K, reserved 1048576K
Event: 6.347 GC heap after
Heap after GC invocations=15 (full 2):
 PSYoungGen      total 397824K, used 8853K [0x00000000d6500000, 0x00000000f2e80000, 0x0000000100000000)
  eden space 380416K, 0% used [0x00000000d6500000,0x00000000d6500000,0x00000000ed880000)
  from space 17408K, 50% used [0x00000000ed880000,0x00000000ee125458,0x00000000ee980000)
  to   space 16896K, 0% used [0x00000000f1e00000,0x00000000f1e00000,0x00000000f2e80000)
 ParOldGen       total 94720K, used 32703K [0x0000000082e00000, 0x0000000088a80000, 0x00000000d6500000)
  object space 94720K, 34% used [0x0000000082e00000,0x0000000084defcd0,0x0000000088a80000)
 Metaspace       used 55745K, capacity 58979K, committed 59028K, reserved 1099776K
  class space    used 7714K, capacity 8318K, committed 8320K, reserved 1048576K
}
Event: 6.347 GC heap before
{Heap before GC invocations=16 (full 3):
 PSYoungGen      total 397824K, used 8853K [0x00000000d6500000, 0x00000000f2e80000, 0x0000000100000000)
  eden space 380416K, 0% used [0x00000000d6500000,0x00000000d6500000,0x00000000ed880000)
  from space 17408K, 50% used [0x00000000ed880000,0x00000000ee125458,0x00000000ee980000)
  to   space 16896K, 0% used [0x00000000f1e00000,0x00000000f1e00000,0x00000000f2e80000)
 ParOldGen       total 94720K, used 32703K [0x0000000082e00000, 0x0000000088a80000, 0x00000000d6500000)
  object space 94720K, 34% used [0x0000000082e00000,0x0000000084defcd0,0x0000000088a80000)
 Metaspace       used 55745K, capacity 58979K, committed 59028K, reserved 1099776K
  class space    used 7714K, capacity 8318K, committed 8320K, reserved 1048576K
Event: 6.526 GC heap after
Heap after GC invocations=16 (full 3):
 PSYoungGen      total 397824K, used 0K [0x00000000d6500000, 0x00000000f2e80000, 0x0000000100000000)
  eden space 380416K, 0% used [0x00000000d6500000,0x00000000d6500000,0x00000000ed880000)
  from space 17408K, 0% used [0x00000000ed880000,0x00000000ed880000,0x00000000ee980000)
  to   space 16896K, 0% used [0x00000000f1e00000,0x00000000f1e00000,0x00000000f2e80000)
 ParOldGen       total 137216K, used 27708K [0x0000000082e00000, 0x000000008b400000, 0x00000000d6500000)
  object space 137216K, 20% used [0x0000000082e00000,0x000000008490f140,0x000000008b400000)
 Metaspace       used 55745K, capacity 58979K, committed 59028K, reserved 1099776K
  class space    used 7714K, capacity 8318K, committed 8320K, reserved 1048576K
}

